{"/Users/user/Hactiv8Phase2/iProject-Andrehendrawan/ip-andrehendrawan/REST_api/app.js": {"path":"/Users/user/Hactiv8Phase2/iProject-Andrehendrawan/ip-andrehendrawan/REST_api/app.js","statementMap":{"0":{"start":{"line":1,"column":0},"end":{"line":3,"column":1}},"1":{"start":{"line":2,"column":4},"end":{"line":2,"column":30}},"2":{"start":{"line":5,"column":16},"end":{"line":5,"column":34}},"3":{"start":{"line":6,"column":13},"end":{"line":6,"column":28}},"4":{"start":{"line":7,"column":12},"end":{"line":7,"column":21}},"5":{"start":{"line":8,"column":13},"end":{"line":8,"column":37}},"6":{"start":{"line":9,"column":15},"end":{"line":9,"column":34}},"7":{"start":{"line":11,"column":0},"end":{"line":11,"column":15}},"8":{"start":{"line":12,"column":0},"end":{"line":12,"column":49}},"9":{"start":{"line":13,"column":0},"end":{"line":13,"column":24}},"10":{"start":{"line":14,"column":0},"end":{"line":14,"column":15}},"11":{"start":{"line":16,"column":0},"end":{"line":16,"column":20}}},"fnMap":{},"branchMap":{"0":{"loc":{"start":{"line":1,"column":0},"end":{"line":3,"column":1}},"type":"if","locations":[{"start":{"line":1,"column":0},"end":{"line":3,"column":1}},{"start":{},"end":{}}],"line":1},"1":{"loc":{"start":{"line":8,"column":13},"end":{"line":8,"column":37}},"type":"binary-expr","locations":[{"start":{"line":8,"column":13},"end":{"line":8,"column":29}},{"start":{"line":8,"column":33},"end":{"line":8,"column":37}}],"line":8}},"s":{"0":1,"1":1,"2":1,"3":1,"4":1,"5":1,"6":1,"7":1,"8":1,"9":1,"10":1,"11":1},"f":{},"b":{"0":[1,0],"1":[1,1]},"_coverageSchema":"1a1c01bbd47fc00a2c39e90264f33305004495a9","hash":"a1f597a7d6420b2fa2bab6d258498a906f8cccf4"}
,"/Users/user/Hactiv8Phase2/iProject-Andrehendrawan/ip-andrehendrawan/REST_api/controllers/CategoryController.js": {"path":"/Users/user/Hactiv8Phase2/iProject-Andrehendrawan/ip-andrehendrawan/REST_api/controllers/CategoryController.js","statementMap":{"0":{"start":{"line":1,"column":16},"end":{"line":1,"column":34}},"1":{"start":{"line":2,"column":21},"end":{"line":2,"column":47}},"2":{"start":{"line":6,"column":8},"end":{"line":11,"column":9}},"3":{"start":{"line":7,"column":25},"end":{"line":7,"column":49}},"4":{"start":{"line":8,"column":12},"end":{"line":8,"column":38}},"5":{"start":{"line":10,"column":12},"end":{"line":10,"column":23}},"6":{"start":{"line":14,"column":8},"end":{"line":20,"column":9}},"7":{"start":{"line":15,"column":29},"end":{"line":15,"column":37}},"8":{"start":{"line":16,"column":25},"end":{"line":16,"column":56}},"9":{"start":{"line":17,"column":12},"end":{"line":17,"column":38}},"10":{"start":{"line":19,"column":12},"end":{"line":19,"column":23}},"11":{"start":{"line":24,"column":0},"end":{"line":24,"column":35}}},"fnMap":{"0":{"name":"(anonymous_0)","decl":{"start":{"line":5,"column":4},"end":{"line":5,"column":5}},"loc":{"start":{"line":5,"column":46},"end":{"line":12,"column":5}},"line":5},"1":{"name":"(anonymous_1)","decl":{"start":{"line":13,"column":4},"end":{"line":13,"column":5}},"loc":{"start":{"line":13,"column":48},"end":{"line":21,"column":5}},"line":13}},"branchMap":{},"s":{"0":1,"1":1,"2":0,"3":0,"4":0,"5":0,"6":0,"7":0,"8":0,"9":0,"10":0,"11":1},"f":{"0":0,"1":0},"b":{},"_coverageSchema":"1a1c01bbd47fc00a2c39e90264f33305004495a9","hash":"7f4aa1e86bb2eb5ff5d13483c16976a170c04bbf"}
,"/Users/user/Hactiv8Phase2/iProject-Andrehendrawan/ip-andrehendrawan/REST_api/controllers/NewsController.js": {"path":"/Users/user/Hactiv8Phase2/iProject-Andrehendrawan/ip-andrehendrawan/REST_api/controllers/NewsController.js","statementMap":{"0":{"start":{"line":1,"column":14},"end":{"line":1,"column":30}},"1":{"start":{"line":2,"column":16},"end":{"line":2,"column":34}},"2":{"start":{"line":6,"column":8},"end":{"line":21,"column":9}},"3":{"start":{"line":7,"column":28},"end":{"line":7,"column":52}},"4":{"start":{"line":8,"column":28},"end":{"line":8,"column":104}},"5":{"start":{"line":9,"column":29},"end":{"line":16,"column":13}},"6":{"start":{"line":17,"column":12},"end":{"line":17,"column":38}},"7":{"start":{"line":19,"column":12},"end":{"line":19,"column":31}},"8":{"start":{"line":20,"column":12},"end":{"line":20,"column":23}},"9":{"start":{"line":25,"column":0},"end":{"line":25,"column":31}}},"fnMap":{"0":{"name":"(anonymous_0)","decl":{"start":{"line":5,"column":4},"end":{"line":5,"column":5}},"loc":{"start":{"line":5,"column":38},"end":{"line":22,"column":5}},"line":5}},"branchMap":{},"s":{"0":1,"1":1,"2":0,"3":0,"4":0,"5":0,"6":0,"7":0,"8":0,"9":1},"f":{"0":0},"b":{},"_coverageSchema":"1a1c01bbd47fc00a2c39e90264f33305004495a9","hash":"fbd5991b03fcfdca13ab197a077cb75a35a60671"}
,"/Users/user/Hactiv8Phase2/iProject-Andrehendrawan/ip-andrehendrawan/REST_api/controllers/OrderController.js": {"path":"/Users/user/Hactiv8Phase2/iProject-Andrehendrawan/ip-andrehendrawan/REST_api/controllers/OrderController.js","statementMap":{"0":{"start":{"line":1,"column":16},"end":{"line":1,"column":34}},"1":{"start":{"line":2,"column":31},"end":{"line":2,"column":57}},"2":{"start":{"line":7,"column":23},"end":{"line":7,"column":33}},"3":{"start":{"line":8,"column":8},"end":{"line":29,"column":9}},"4":{"start":{"line":9,"column":25},"end":{"line":22,"column":14}},"5":{"start":{"line":23,"column":12},"end":{"line":25,"column":13}},"6":{"start":{"line":24,"column":16},"end":{"line":24,"column":47}},"7":{"start":{"line":26,"column":12},"end":{"line":26,"column":38}},"8":{"start":{"line":28,"column":12},"end":{"line":28,"column":23}},"9":{"start":{"line":33,"column":0},"end":{"line":33,"column":32}}},"fnMap":{"0":{"name":"(anonymous_0)","decl":{"start":{"line":6,"column":4},"end":{"line":6,"column":5}},"loc":{"start":{"line":6,"column":46},"end":{"line":30,"column":5}},"line":6}},"branchMap":{"0":{"loc":{"start":{"line":23,"column":12},"end":{"line":25,"column":13}},"type":"if","locations":[{"start":{"line":23,"column":12},"end":{"line":25,"column":13}},{"start":{},"end":{}}],"line":23}},"s":{"0":1,"1":1,"2":0,"3":0,"4":0,"5":0,"6":0,"7":0,"8":0,"9":1},"f":{"0":0},"b":{"0":[0,0]},"_coverageSchema":"1a1c01bbd47fc00a2c39e90264f33305004495a9","hash":"d651125f2b1a48c640af4812d130fb558f52a5e3"}
,"/Users/user/Hactiv8Phase2/iProject-Andrehendrawan/ip-andrehendrawan/REST_api/controllers/UserController.js": {"path":"/Users/user/Hactiv8Phase2/iProject-Andrehendrawan/ip-andrehendrawan/REST_api/controllers/UserController.js","statementMap":{"0":{"start":{"line":1,"column":16},"end":{"line":1,"column":34}},"1":{"start":{"line":2,"column":17},"end":{"line":2,"column":43}},"2":{"start":{"line":3,"column":28},"end":{"line":3,"column":56}},"3":{"start":{"line":4,"column":22},"end":{"line":4,"column":47}},"4":{"start":{"line":5,"column":25},"end":{"line":5,"column":55}},"5":{"start":{"line":10,"column":8},"end":{"line":22,"column":9}},"6":{"start":{"line":11,"column":25},"end":{"line":11,"column":52}},"7":{"start":{"line":12,"column":12},"end":{"line":12,"column":30}},"8":{"start":{"line":14,"column":12},"end":{"line":19,"column":14}},"9":{"start":{"line":21,"column":12},"end":{"line":21,"column":23}},"10":{"start":{"line":26,"column":8},"end":{"line":52,"column":9}},"11":{"start":{"line":27,"column":40},"end":{"line":27,"column":48}},"12":{"start":{"line":28,"column":12},"end":{"line":30,"column":13}},"13":{"start":{"line":29,"column":16},"end":{"line":29,"column":49}},"14":{"start":{"line":31,"column":12},"end":{"line":33,"column":13}},"15":{"start":{"line":32,"column":16},"end":{"line":32,"column":52}},"16":{"start":{"line":35,"column":25},"end":{"line":37,"column":14}},"17":{"start":{"line":38,"column":12},"end":{"line":40,"column":13}},"18":{"start":{"line":39,"column":16},"end":{"line":39,"column":46}},"19":{"start":{"line":42,"column":35},"end":{"line":42,"column":75}},"20":{"start":{"line":43,"column":12},"end":{"line":45,"column":13}},"21":{"start":{"line":44,"column":16},"end":{"line":44,"column":49}},"22":{"start":{"line":46,"column":33},"end":{"line":46,"column":48}},"23":{"start":{"line":47,"column":12},"end":{"line":49,"column":14}},"24":{"start":{"line":51,"column":12},"end":{"line":51,"column":23}},"25":{"start":{"line":56,"column":22},"end":{"line":56,"column":49}},"26":{"start":{"line":57,"column":23},"end":{"line":57,"column":41}},"27":{"start":{"line":58,"column":8},"end":{"line":88,"column":9}},"28":{"start":{"line":59,"column":27},"end":{"line":64,"column":14}},"29":{"start":{"line":65,"column":28},"end":{"line":65,"column":47}},"30":{"start":{"line":66,"column":26},"end":{"line":66,"column":39}},"31":{"start":{"line":67,"column":12},"end":{"line":67,"column":33}},"32":{"start":{"line":70,"column":23},"end":{"line":72,"column":14}},"33":{"start":{"line":73,"column":12},"end":{"line":82,"column":13}},"34":{"start":{"line":74,"column":16},"end":{"line":81,"column":18}},"35":{"start":{"line":84,"column":33},"end":{"line":84,"column":59}},"36":{"start":{"line":85,"column":12},"end":{"line":85,"column":82}},"37":{"start":{"line":87,"column":12},"end":{"line":87,"column":23}},"38":{"start":{"line":92,"column":0},"end":{"line":92,"column":31}}},"fnMap":{"0":{"name":"(anonymous_0)","decl":{"start":{"line":9,"column":4},"end":{"line":9,"column":5}},"loc":{"start":{"line":9,"column":42},"end":{"line":23,"column":5}},"line":9},"1":{"name":"(anonymous_1)","decl":{"start":{"line":25,"column":4},"end":{"line":25,"column":5}},"loc":{"start":{"line":25,"column":39},"end":{"line":53,"column":5}},"line":25},"2":{"name":"(anonymous_2)","decl":{"start":{"line":55,"column":4},"end":{"line":55,"column":5}},"loc":{"start":{"line":55,"column":45},"end":{"line":89,"column":5}},"line":55}},"branchMap":{"0":{"loc":{"start":{"line":28,"column":12},"end":{"line":30,"column":13}},"type":"if","locations":[{"start":{"line":28,"column":12},"end":{"line":30,"column":13}},{"start":{},"end":{}}],"line":28},"1":{"loc":{"start":{"line":31,"column":12},"end":{"line":33,"column":13}},"type":"if","locations":[{"start":{"line":31,"column":12},"end":{"line":33,"column":13}},{"start":{},"end":{}}],"line":31},"2":{"loc":{"start":{"line":38,"column":12},"end":{"line":40,"column":13}},"type":"if","locations":[{"start":{"line":38,"column":12},"end":{"line":40,"column":13}},{"start":{},"end":{}}],"line":38},"3":{"loc":{"start":{"line":43,"column":12},"end":{"line":45,"column":13}},"type":"if","locations":[{"start":{"line":43,"column":12},"end":{"line":45,"column":13}},{"start":{},"end":{}}],"line":43},"4":{"loc":{"start":{"line":73,"column":12},"end":{"line":82,"column":13}},"type":"if","locations":[{"start":{"line":73,"column":12},"end":{"line":82,"column":13}},{"start":{},"end":{}}],"line":73}},"s":{"0":1,"1":1,"2":1,"3":1,"4":1,"5":1,"6":1,"7":0,"8":0,"9":1,"10":3,"11":3,"12":3,"13":1,"14":2,"15":1,"16":1,"17":1,"18":0,"19":1,"20":1,"21":0,"22":1,"23":1,"24":2,"25":0,"26":0,"27":0,"28":0,"29":0,"30":0,"31":0,"32":0,"33":0,"34":0,"35":0,"36":0,"37":0,"38":1},"f":{"0":1,"1":3,"2":0},"b":{"0":[1,2],"1":[1,1],"2":[0,1],"3":[0,1],"4":[0,0]},"_coverageSchema":"1a1c01bbd47fc00a2c39e90264f33305004495a9","hash":"b8fdae20837e0a5d668b03b6320fa76e1037b29a"}
,"/Users/user/Hactiv8Phase2/iProject-Andrehendrawan/ip-andrehendrawan/REST_api/controllers/VenueController.js": {"path":"/Users/user/Hactiv8Phase2/iProject-Andrehendrawan/ip-andrehendrawan/REST_api/controllers/VenueController.js","statementMap":{"0":{"start":{"line":1,"column":16},"end":{"line":1,"column":34}},"1":{"start":{"line":2,"column":31},"end":{"line":2,"column":57}},"2":{"start":{"line":3,"column":23},"end":{"line":3,"column":49}},"3":{"start":{"line":8,"column":8},"end":{"line":13,"column":9}},"4":{"start":{"line":9,"column":25},"end":{"line":9,"column":46}},"5":{"start":{"line":10,"column":12},"end":{"line":10,"column":38}},"6":{"start":{"line":12,"column":12},"end":{"line":12,"column":23}},"7":{"start":{"line":17,"column":23},"end":{"line":17,"column":33}},"8":{"start":{"line":18,"column":8},"end":{"line":26,"column":9}},"9":{"start":{"line":19,"column":25},"end":{"line":19,"column":49}},"10":{"start":{"line":20,"column":12},"end":{"line":22,"column":13}},"11":{"start":{"line":21,"column":16},"end":{"line":21,"column":47}},"12":{"start":{"line":23,"column":12},"end":{"line":23,"column":38}},"13":{"start":{"line":25,"column":12},"end":{"line":25,"column":23}},"14":{"start":{"line":30,"column":8},"end":{"line":36,"column":9}},"15":{"start":{"line":31,"column":26},"end":{"line":31,"column":34}},"16":{"start":{"line":32,"column":25},"end":{"line":32,"column":50}},"17":{"start":{"line":33,"column":12},"end":{"line":33,"column":38}},"18":{"start":{"line":35,"column":12},"end":{"line":35,"column":23}},"19":{"start":{"line":40,"column":23},"end":{"line":40,"column":33}},"20":{"start":{"line":41,"column":8},"end":{"line":54,"column":9}},"21":{"start":{"line":42,"column":25},"end":{"line":42,"column":49}},"22":{"start":{"line":43,"column":12},"end":{"line":47,"column":14}},"23":{"start":{"line":48,"column":12},"end":{"line":50,"column":13}},"24":{"start":{"line":49,"column":16},"end":{"line":49,"column":47}},"25":{"start":{"line":51,"column":12},"end":{"line":51,"column":94}},"26":{"start":{"line":53,"column":12},"end":{"line":53,"column":23}},"27":{"start":{"line":58,"column":23},"end":{"line":58,"column":33}},"28":{"start":{"line":59,"column":8},"end":{"line":72,"column":9}},"29":{"start":{"line":60,"column":25},"end":{"line":60,"column":49}},"30":{"start":{"line":61,"column":12},"end":{"line":65,"column":14}},"31":{"start":{"line":66,"column":12},"end":{"line":68,"column":13}},"32":{"start":{"line":67,"column":16},"end":{"line":67,"column":47}},"33":{"start":{"line":69,"column":12},"end":{"line":69,"column":89}},"34":{"start":{"line":71,"column":12},"end":{"line":71,"column":23}},"35":{"start":{"line":76,"column":23},"end":{"line":76,"column":33}},"36":{"start":{"line":77,"column":8},"end":{"line":135,"column":9}},"37":{"start":{"line":78,"column":25},"end":{"line":78,"column":49}},"38":{"start":{"line":79,"column":12},"end":{"line":81,"column":13}},"39":{"start":{"line":80,"column":16},"end":{"line":80,"column":47}},"40":{"start":{"line":83,"column":23},"end":{"line":87,"column":14}},"41":{"start":{"line":88,"column":30},"end":{"line":90,"column":14}},"42":{"start":{"line":91,"column":27},"end":{"line":91,"column":59}},"43":{"start":{"line":93,"column":37},"end":{"line":97,"column":14}},"44":{"start":{"line":99,"column":12},"end":{"line":101,"column":13}},"45":{"start":{"line":100,"column":16},"end":{"line":100,"column":43}},"46":{"start":{"line":102,"column":26},"end":{"line":108,"column":14}},"47":{"start":{"line":109,"column":12},"end":{"line":109,"column":42}},"48":{"start":{"line":110,"column":28},"end":{"line":129,"column":13}},"49":{"start":{"line":130,"column":29},"end":{"line":130,"column":68}},"50":{"start":{"line":131,"column":12},"end":{"line":131,"column":30}},"51":{"start":{"line":134,"column":12},"end":{"line":134,"column":23}},"52":{"start":{"line":139,"column":31},"end":{"line":139,"column":39}},"53":{"start":{"line":140,"column":22},"end":{"line":140,"column":45}},"54":{"start":{"line":141,"column":32},"end":{"line":141,"column":65}},"55":{"start":{"line":142,"column":26},"end":{"line":142,"column":53}},"56":{"start":{"line":144,"column":8},"end":{"line":144,"column":151}},"57":{"start":{"line":147,"column":22},"end":{"line":151,"column":10}},"58":{"start":{"line":152,"column":8},"end":{"line":152,"column":39}},"59":{"start":{"line":153,"column":31},"end":{"line":163,"column":9}},"60":{"start":{"line":154,"column":12},"end":{"line":157,"column":14}},"61":{"start":{"line":159,"column":12},"end":{"line":162,"column":13}},"62":{"start":{"line":164,"column":8},"end":{"line":182,"column":9}},"63":{"start":{"line":165,"column":12},"end":{"line":169,"column":13}},"64":{"start":{"line":168,"column":16},"end":{"line":168,"column":38}},"65":{"start":{"line":170,"column":15},"end":{"line":182,"column":9}},"66":{"start":{"line":173,"column":12},"end":{"line":173,"column":34}},"67":{"start":{"line":174,"column":15},"end":{"line":182,"column":9}},"68":{"start":{"line":179,"column":12},"end":{"line":181,"column":14}},"69":{"start":{"line":183,"column":8},"end":{"line":183,"column":23}},"70":{"start":{"line":187,"column":0},"end":{"line":187,"column":32}}},"fnMap":{"0":{"name":"(anonymous_0)","decl":{"start":{"line":7,"column":4},"end":{"line":7,"column":5}},"loc":{"start":{"line":7,"column":43},"end":{"line":14,"column":5}},"line":7},"1":{"name":"(anonymous_1)","decl":{"start":{"line":16,"column":4},"end":{"line":16,"column":5}},"loc":{"start":{"line":16,"column":45},"end":{"line":27,"column":5}},"line":16},"2":{"name":"(anonymous_2)","decl":{"start":{"line":29,"column":4},"end":{"line":29,"column":5}},"loc":{"start":{"line":29,"column":45},"end":{"line":37,"column":5}},"line":29},"3":{"name":"(anonymous_3)","decl":{"start":{"line":39,"column":4},"end":{"line":39,"column":5}},"loc":{"start":{"line":39,"column":43},"end":{"line":55,"column":5}},"line":39},"4":{"name":"(anonymous_4)","decl":{"start":{"line":57,"column":4},"end":{"line":57,"column":5}},"loc":{"start":{"line":57,"column":45},"end":{"line":73,"column":5}},"line":57},"5":{"name":"(anonymous_5)","decl":{"start":{"line":75,"column":4},"end":{"line":75,"column":5}},"loc":{"start":{"line":75,"column":50},"end":{"line":136,"column":5}},"line":75},"6":{"name":"(anonymous_6)","decl":{"start":{"line":138,"column":4},"end":{"line":138,"column":5}},"loc":{"start":{"line":138,"column":58},"end":{"line":184,"column":5}},"line":138},"7":{"name":"(anonymous_7)","decl":{"start":{"line":153,"column":31},"end":{"line":153,"column":32}},"loc":{"start":{"line":153,"column":43},"end":{"line":163,"column":9}},"line":153}},"branchMap":{"0":{"loc":{"start":{"line":20,"column":12},"end":{"line":22,"column":13}},"type":"if","locations":[{"start":{"line":20,"column":12},"end":{"line":22,"column":13}},{"start":{},"end":{}}],"line":20},"1":{"loc":{"start":{"line":48,"column":12},"end":{"line":50,"column":13}},"type":"if","locations":[{"start":{"line":48,"column":12},"end":{"line":50,"column":13}},{"start":{},"end":{}}],"line":48},"2":{"loc":{"start":{"line":66,"column":12},"end":{"line":68,"column":13}},"type":"if","locations":[{"start":{"line":66,"column":12},"end":{"line":68,"column":13}},{"start":{},"end":{}}],"line":66},"3":{"loc":{"start":{"line":79,"column":12},"end":{"line":81,"column":13}},"type":"if","locations":[{"start":{"line":79,"column":12},"end":{"line":81,"column":13}},{"start":{},"end":{}}],"line":79},"4":{"loc":{"start":{"line":91,"column":27},"end":{"line":91,"column":59}},"type":"cond-expr","locations":[{"start":{"line":91,"column":39},"end":{"line":91,"column":55}},{"start":{"line":91,"column":58},"end":{"line":91,"column":59}}],"line":91},"5":{"loc":{"start":{"line":99,"column":12},"end":{"line":101,"column":13}},"type":"if","locations":[{"start":{"line":99,"column":12},"end":{"line":101,"column":13}},{"start":{},"end":{}}],"line":99},"6":{"loc":{"start":{"line":164,"column":8},"end":{"line":182,"column":9}},"type":"if","locations":[{"start":{"line":164,"column":8},"end":{"line":182,"column":9}},{"start":{"line":170,"column":15},"end":{"line":182,"column":9}}],"line":164},"7":{"loc":{"start":{"line":165,"column":12},"end":{"line":169,"column":13}},"type":"if","locations":[{"start":{"line":165,"column":12},"end":{"line":169,"column":13}},{"start":{},"end":{}}],"line":165},"8":{"loc":{"start":{"line":170,"column":15},"end":{"line":182,"column":9}},"type":"if","locations":[{"start":{"line":170,"column":15},"end":{"line":182,"column":9}},{"start":{"line":174,"column":15},"end":{"line":182,"column":9}}],"line":170},"9":{"loc":{"start":{"line":174,"column":15},"end":{"line":182,"column":9}},"type":"if","locations":[{"start":{"line":174,"column":15},"end":{"line":182,"column":9}},{"start":{},"end":{}}],"line":174},"10":{"loc":{"start":{"line":174,"column":19},"end":{"line":176,"column":41}},"type":"binary-expr","locations":[{"start":{"line":174,"column":19},"end":{"line":174,"column":48}},{"start":{"line":175,"column":12},"end":{"line":175,"column":39}},{"start":{"line":176,"column":12},"end":{"line":176,"column":41}}],"line":174}},"s":{"0":1,"1":1,"2":1,"3":0,"4":0,"5":0,"6":0,"7":0,"8":0,"9":0,"10":0,"11":0,"12":0,"13":0,"14":0,"15":0,"16":0,"17":0,"18":0,"19":0,"20":0,"21":0,"22":0,"23":0,"24":0,"25":0,"26":0,"27":0,"28":0,"29":0,"30":0,"31":0,"32":0,"33":0,"34":0,"35":0,"36":0,"37":0,"38":0,"39":0,"40":0,"41":0,"42":0,"43":0,"44":0,"45":0,"46":0,"47":0,"48":0,"49":0,"50":0,"51":0,"52":0,"53":0,"54":0,"55":0,"56":0,"57":0,"58":0,"59":0,"60":0,"61":0,"62":0,"63":0,"64":0,"65":0,"66":0,"67":0,"68":0,"69":0,"70":1},"f":{"0":0,"1":0,"2":0,"3":0,"4":0,"5":0,"6":0,"7":0},"b":{"0":[0,0],"1":[0,0],"2":[0,0],"3":[0,0],"4":[0,0],"5":[0,0],"6":[0,0],"7":[0,0],"8":[0,0],"9":[0,0],"10":[0,0,0]},"_coverageSchema":"1a1c01bbd47fc00a2c39e90264f33305004495a9","hash":"bfe6b7f50927070936d3beabbaf823f25067149e"}
,"/Users/user/Hactiv8Phase2/iProject-Andrehendrawan/ip-andrehendrawan/REST_api/helpers/bcrypt.js": {"path":"/Users/user/Hactiv8Phase2/iProject-Andrehendrawan/ip-andrehendrawan/REST_api/helpers/bcrypt.js","statementMap":{"0":{"start":{"line":1,"column":15},"end":{"line":1,"column":32}},"1":{"start":{"line":2,"column":21},"end":{"line":5,"column":1}},"2":{"start":{"line":3,"column":17},"end":{"line":3,"column":39}},"3":{"start":{"line":4,"column":4},"end":{"line":4,"column":42}},"4":{"start":{"line":7,"column":24},"end":{"line":9,"column":1}},"5":{"start":{"line":8,"column":4},"end":{"line":8,"column":55}},"6":{"start":{"line":11,"column":0},"end":{"line":14,"column":1}}},"fnMap":{"0":{"name":"(anonymous_0)","decl":{"start":{"line":2,"column":21},"end":{"line":2,"column":22}},"loc":{"start":{"line":2,"column":35},"end":{"line":5,"column":1}},"line":2},"1":{"name":"(anonymous_1)","decl":{"start":{"line":7,"column":24},"end":{"line":7,"column":25}},"loc":{"start":{"line":7,"column":54},"end":{"line":9,"column":1}},"line":7}},"branchMap":{},"s":{"0":1,"1":1,"2":2,"3":2,"4":1,"5":1,"6":1},"f":{"0":2,"1":1},"b":{},"_coverageSchema":"1a1c01bbd47fc00a2c39e90264f33305004495a9","hash":"a968bb5418e2886e6bfeeca9fb2bfafab7e266e4"}
,"/Users/user/Hactiv8Phase2/iProject-Andrehendrawan/ip-andrehendrawan/REST_api/helpers/jwt.js": {"path":"/Users/user/Hactiv8Phase2/iProject-Andrehendrawan/ip-andrehendrawan/REST_api/helpers/jwt.js","statementMap":{"0":{"start":{"line":1,"column":12},"end":{"line":1,"column":35}},"1":{"start":{"line":3,"column":19},"end":{"line":3,"column":41}},"2":{"start":{"line":5,"column":18},"end":{"line":8,"column":1}},"3":{"start":{"line":6,"column":19},"end":{"line":6,"column":23}},"4":{"start":{"line":7,"column":4},"end":{"line":7,"column":39}},"5":{"start":{"line":10,"column":20},"end":{"line":12,"column":1}},"6":{"start":{"line":11,"column":4},"end":{"line":11,"column":40}},"7":{"start":{"line":14,"column":0},"end":{"line":17,"column":1}}},"fnMap":{"0":{"name":"(anonymous_0)","decl":{"start":{"line":5,"column":18},"end":{"line":5,"column":19}},"loc":{"start":{"line":5,"column":28},"end":{"line":8,"column":1}},"line":5},"1":{"name":"(anonymous_1)","decl":{"start":{"line":10,"column":20},"end":{"line":10,"column":21}},"loc":{"start":{"line":10,"column":31},"end":{"line":12,"column":1}},"line":10}},"branchMap":{},"s":{"0":1,"1":1,"2":1,"3":2,"4":2,"5":1,"6":5,"7":1},"f":{"0":2,"1":5},"b":{},"_coverageSchema":"1a1c01bbd47fc00a2c39e90264f33305004495a9","hash":"72ffdd964de7c4193682902c7eb36da3fd5b0800"}
,"/Users/user/Hactiv8Phase2/iProject-Andrehendrawan/ip-andrehendrawan/REST_api/middlewares/authentication.js": {"path":"/Users/user/Hactiv8Phase2/iProject-Andrehendrawan/ip-andrehendrawan/REST_api/middlewares/authentication.js","statementMap":{"0":{"start":{"line":1,"column":24},"end":{"line":1,"column":49}},"1":{"start":{"line":2,"column":17},"end":{"line":2,"column":43}},"2":{"start":{"line":6,"column":0},"end":{"line":31,"column":1}},"3":{"start":{"line":8,"column":4},"end":{"line":30,"column":5}},"4":{"start":{"line":9,"column":34},"end":{"line":9,"column":45}},"5":{"start":{"line":11,"column":8},"end":{"line":13,"column":9}},"6":{"start":{"line":12,"column":12},"end":{"line":12,"column":42}},"7":{"start":{"line":14,"column":25},"end":{"line":14,"column":49}},"8":{"start":{"line":15,"column":8},"end":{"line":17,"column":9}},"9":{"start":{"line":16,"column":12},"end":{"line":16,"column":42}},"10":{"start":{"line":19,"column":23},"end":{"line":19,"column":47}},"11":{"start":{"line":21,"column":21},"end":{"line":21,"column":51}},"12":{"start":{"line":22,"column":8},"end":{"line":24,"column":9}},"13":{"start":{"line":23,"column":12},"end":{"line":23,"column":42}},"14":{"start":{"line":25,"column":8},"end":{"line":25,"column":23}},"15":{"start":{"line":26,"column":8},"end":{"line":26,"column":30}},"16":{"start":{"line":27,"column":8},"end":{"line":27,"column":14}},"17":{"start":{"line":29,"column":8},"end":{"line":29,"column":19}}},"fnMap":{"0":{"name":"authentication","decl":{"start":{"line":6,"column":32},"end":{"line":6,"column":46}},"loc":{"start":{"line":6,"column":63},"end":{"line":31,"column":1}},"line":6}},"branchMap":{"0":{"loc":{"start":{"line":11,"column":8},"end":{"line":13,"column":9}},"type":"if","locations":[{"start":{"line":11,"column":8},"end":{"line":13,"column":9}},{"start":{},"end":{}}],"line":11},"1":{"loc":{"start":{"line":15,"column":8},"end":{"line":17,"column":9}},"type":"if","locations":[{"start":{"line":15,"column":8},"end":{"line":17,"column":9}},{"start":{},"end":{}}],"line":15},"2":{"loc":{"start":{"line":22,"column":8},"end":{"line":24,"column":9}},"type":"if","locations":[{"start":{"line":22,"column":8},"end":{"line":24,"column":9}},{"start":{},"end":{}}],"line":22}},"s":{"0":1,"1":1,"2":1,"3":6,"4":6,"5":6,"6":1,"7":5,"8":5,"9":0,"10":5,"11":4,"12":4,"13":0,"14":4,"15":4,"16":4,"17":2},"f":{"0":6},"b":{"0":[1,5],"1":[0,5],"2":[0,4]},"_coverageSchema":"1a1c01bbd47fc00a2c39e90264f33305004495a9","hash":"2753ee35f2520254a7d54983fc7f9fa4e90d808c"}
,"/Users/user/Hactiv8Phase2/iProject-Andrehendrawan/ip-andrehendrawan/REST_api/middlewares/errorHandler.js": {"path":"/Users/user/Hactiv8Phase2/iProject-Andrehendrawan/ip-andrehendrawan/REST_api/middlewares/errorHandler.js","statementMap":{"0":{"start":{"line":1,"column":0},"end":{"line":53,"column":1}},"1":{"start":{"line":2,"column":4},"end":{"line":2,"column":23}},"2":{"start":{"line":3,"column":21},"end":{"line":3,"column":24}},"3":{"start":{"line":4,"column":18},"end":{"line":4,"column":41}},"4":{"start":{"line":6,"column":4},"end":{"line":51,"column":5}},"5":{"start":{"line":8,"column":12},"end":{"line":8,"column":29}},"6":{"start":{"line":9,"column":12},"end":{"line":9,"column":42}},"7":{"start":{"line":10,"column":12},"end":{"line":10,"column":18}},"8":{"start":{"line":13,"column":12},"end":{"line":13,"column":29}},"9":{"start":{"line":14,"column":12},"end":{"line":14,"column":45}},"10":{"start":{"line":15,"column":12},"end":{"line":15,"column":18}},"11":{"start":{"line":19,"column":12},"end":{"line":19,"column":29}},"12":{"start":{"line":20,"column":12},"end":{"line":20,"column":49}},"13":{"start":{"line":21,"column":12},"end":{"line":21,"column":18}},"14":{"start":{"line":25,"column":12},"end":{"line":25,"column":29}},"15":{"start":{"line":26,"column":12},"end":{"line":26,"column":46}},"16":{"start":{"line":27,"column":12},"end":{"line":27,"column":18}},"17":{"start":{"line":31,"column":12},"end":{"line":31,"column":29}},"18":{"start":{"line":32,"column":12},"end":{"line":32,"column":38}},"19":{"start":{"line":33,"column":12},"end":{"line":33,"column":18}},"20":{"start":{"line":36,"column":12},"end":{"line":36,"column":29}},"21":{"start":{"line":37,"column":12},"end":{"line":37,"column":41}},"22":{"start":{"line":38,"column":12},"end":{"line":38,"column":18}},"23":{"start":{"line":41,"column":12},"end":{"line":41,"column":29}},"24":{"start":{"line":42,"column":12},"end":{"line":42,"column":40}},"25":{"start":{"line":43,"column":12},"end":{"line":43,"column":18}},"26":{"start":{"line":46,"column":12},"end":{"line":46,"column":29}},"27":{"start":{"line":47,"column":12},"end":{"line":47,"column":72}},"28":{"start":{"line":48,"column":12},"end":{"line":48,"column":18}},"29":{"start":{"line":52,"column":4},"end":{"line":52,"column":44}}},"fnMap":{"0":{"name":"errorHandler","decl":{"start":{"line":1,"column":26},"end":{"line":1,"column":38}},"loc":{"start":{"line":1,"column":62},"end":{"line":53,"column":1}},"line":1}},"branchMap":{"0":{"loc":{"start":{"line":6,"column":4},"end":{"line":51,"column":5}},"type":"switch","locations":[{"start":{"line":7,"column":8},"end":{"line":10,"column":18}},{"start":{"line":12,"column":8},"end":{"line":15,"column":18}},{"start":{"line":17,"column":8},"end":{"line":17,"column":28}},{"start":{"line":18,"column":8},"end":{"line":21,"column":18}},{"start":{"line":23,"column":8},"end":{"line":23,"column":40}},{"start":{"line":24,"column":8},"end":{"line":27,"column":18}},{"start":{"line":29,"column":8},"end":{"line":29,"column":28}},{"start":{"line":30,"column":8},"end":{"line":33,"column":18}},{"start":{"line":35,"column":8},"end":{"line":38,"column":18}},{"start":{"line":40,"column":8},"end":{"line":43,"column":18}},{"start":{"line":45,"column":8},"end":{"line":48,"column":18}}],"line":6}},"s":{"0":1,"1":5,"2":5,"3":5,"4":5,"5":1,"6":1,"7":1,"8":1,"9":1,"10":1,"11":0,"12":0,"13":0,"14":1,"15":1,"16":1,"17":2,"18":2,"19":2,"20":0,"21":0,"22":0,"23":0,"24":0,"25":0,"26":0,"27":0,"28":0,"29":5},"f":{"0":5},"b":{"0":[1,1,0,0,0,1,1,2,0,0,0]},"_coverageSchema":"1a1c01bbd47fc00a2c39e90264f33305004495a9","hash":"33c6e2d715c799d4b183fbcac83dd19913af06f4"}
,"/Users/user/Hactiv8Phase2/iProject-Andrehendrawan/ip-andrehendrawan/REST_api/models/category.js": {"path":"/Users/user/Hactiv8Phase2/iProject-Andrehendrawan/ip-andrehendrawan/REST_api/models/category.js","statementMap":{"0":{"start":{"line":4,"column":4},"end":{"line":4,"column":24}},"1":{"start":{"line":5,"column":0},"end":{"line":35,"column":2}},"2":{"start":{"line":14,"column":6},"end":{"line":14,"column":35}},"3":{"start":{"line":17,"column":2},"end":{"line":33,"column":5}},"4":{"start":{"line":34,"column":2},"end":{"line":34,"column":18}}},"fnMap":{"0":{"name":"(anonymous_0)","decl":{"start":{"line":5,"column":17},"end":{"line":5,"column":18}},"loc":{"start":{"line":5,"column":43},"end":{"line":35,"column":1}},"line":5},"1":{"name":"(anonymous_1)","decl":{"start":{"line":12,"column":4},"end":{"line":12,"column":5}},"loc":{"start":{"line":12,"column":29},"end":{"line":15,"column":5}},"line":12}},"branchMap":{},"s":{"0":1,"1":1,"2":1,"3":1,"4":1},"f":{"0":1,"1":1},"b":{},"_coverageSchema":"1a1c01bbd47fc00a2c39e90264f33305004495a9","hash":"4e9a9b7e9ca02beb7249f5688f4b63d60ad28d04"}
,"/Users/user/Hactiv8Phase2/iProject-Andrehendrawan/ip-andrehendrawan/REST_api/models/index.js": {"path":"/Users/user/Hactiv8Phase2/iProject-Andrehendrawan/ip-andrehendrawan/REST_api/models/index.js","statementMap":{"0":{"start":{"line":3,"column":11},"end":{"line":3,"column":24}},"1":{"start":{"line":4,"column":13},"end":{"line":4,"column":28}},"2":{"start":{"line":5,"column":18},"end":{"line":5,"column":38}},"3":{"start":{"line":6,"column":16},"end":{"line":6,"column":34}},"4":{"start":{"line":7,"column":17},"end":{"line":7,"column":42}},"5":{"start":{"line":8,"column":12},"end":{"line":8,"column":49}},"6":{"start":{"line":9,"column":15},"end":{"line":9,"column":65}},"7":{"start":{"line":10,"column":11},"end":{"line":10,"column":13}},"8":{"start":{"line":13,"column":0},"end":{"line":17,"column":1}},"9":{"start":{"line":14,"column":2},"end":{"line":14,"column":74}},"10":{"start":{"line":16,"column":2},"end":{"line":16,"column":87}},"11":{"start":{"line":19,"column":0},"end":{"line":32,"column":5}},"12":{"start":{"line":22,"column":4},"end":{"line":27,"column":6}},"13":{"start":{"line":30,"column":18},"end":{"line":30,"column":85}},"14":{"start":{"line":31,"column":4},"end":{"line":31,"column":27}},"15":{"start":{"line":34,"column":0},"end":{"line":38,"column":3}},"16":{"start":{"line":35,"column":2},"end":{"line":37,"column":3}},"17":{"start":{"line":36,"column":4},"end":{"line":36,"column":32}},"18":{"start":{"line":40,"column":0},"end":{"line":40,"column":25}},"19":{"start":{"line":41,"column":0},"end":{"line":41,"column":25}},"20":{"start":{"line":43,"column":0},"end":{"line":43,"column":20}}},"fnMap":{"0":{"name":"(anonymous_0)","decl":{"start":{"line":21,"column":10},"end":{"line":21,"column":11}},"loc":{"start":{"line":21,"column":18},"end":{"line":28,"column":3}},"line":21},"1":{"name":"(anonymous_1)","decl":{"start":{"line":29,"column":11},"end":{"line":29,"column":12}},"loc":{"start":{"line":29,"column":19},"end":{"line":32,"column":3}},"line":29},"2":{"name":"(anonymous_2)","decl":{"start":{"line":34,"column":24},"end":{"line":34,"column":25}},"loc":{"start":{"line":34,"column":37},"end":{"line":38,"column":1}},"line":34}},"branchMap":{"0":{"loc":{"start":{"line":8,"column":12},"end":{"line":8,"column":49}},"type":"binary-expr","locations":[{"start":{"line":8,"column":12},"end":{"line":8,"column":32}},{"start":{"line":8,"column":36},"end":{"line":8,"column":49}}],"line":8},"1":{"loc":{"start":{"line":13,"column":0},"end":{"line":17,"column":1}},"type":"if","locations":[{"start":{"line":13,"column":0},"end":{"line":17,"column":1}},{"start":{"line":15,"column":7},"end":{"line":17,"column":1}}],"line":13},"2":{"loc":{"start":{"line":23,"column":6},"end":{"line":26,"column":37}},"type":"binary-expr","locations":[{"start":{"line":23,"column":6},"end":{"line":23,"column":29}},{"start":{"line":24,"column":6},"end":{"line":24,"column":23}},{"start":{"line":25,"column":6},"end":{"line":25,"column":30}},{"start":{"line":26,"column":6},"end":{"line":26,"column":37}}],"line":23},"3":{"loc":{"start":{"line":35,"column":2},"end":{"line":37,"column":3}},"type":"if","locations":[{"start":{"line":35,"column":2},"end":{"line":37,"column":3}},{"start":{},"end":{}}],"line":35}},"s":{"0":1,"1":1,"2":1,"3":1,"4":1,"5":1,"6":1,"7":1,"8":1,"9":0,"10":1,"11":1,"12":5,"13":4,"14":4,"15":1,"16":4,"17":4,"18":1,"19":1,"20":1},"f":{"0":5,"1":4,"2":4},"b":{"0":[1,0],"1":[0,1],"2":[5,5,4,4],"3":[4,0]},"_coverageSchema":"1a1c01bbd47fc00a2c39e90264f33305004495a9","hash":"ee1c404864034bd892d879f0c9922f2fe28322bd"}
,"/Users/user/Hactiv8Phase2/iProject-Andrehendrawan/ip-andrehendrawan/REST_api/models/order.js": {"path":"/Users/user/Hactiv8Phase2/iProject-Andrehendrawan/ip-andrehendrawan/REST_api/models/order.js","statementMap":{"0":{"start":{"line":4,"column":4},"end":{"line":4,"column":24}},"1":{"start":{"line":5,"column":0},"end":{"line":86,"column":2}},"2":{"start":{"line":14,"column":6},"end":{"line":14,"column":35}},"3":{"start":{"line":15,"column":6},"end":{"line":15,"column":34}},"4":{"start":{"line":18,"column":2},"end":{"line":84,"column":5}},"5":{"start":{"line":85,"column":2},"end":{"line":85,"column":15}}},"fnMap":{"0":{"name":"(anonymous_0)","decl":{"start":{"line":5,"column":17},"end":{"line":5,"column":18}},"loc":{"start":{"line":5,"column":43},"end":{"line":86,"column":1}},"line":5},"1":{"name":"(anonymous_1)","decl":{"start":{"line":12,"column":4},"end":{"line":12,"column":5}},"loc":{"start":{"line":12,"column":29},"end":{"line":16,"column":5}},"line":12}},"branchMap":{},"s":{"0":1,"1":1,"2":1,"3":1,"4":1,"5":1},"f":{"0":1,"1":1},"b":{},"_coverageSchema":"1a1c01bbd47fc00a2c39e90264f33305004495a9","hash":"7cc25f7953dd7daca25c010815c0dbbea80b2c3c"}
,"/Users/user/Hactiv8Phase2/iProject-Andrehendrawan/ip-andrehendrawan/REST_api/models/user.js": {"path":"/Users/user/Hactiv8Phase2/iProject-Andrehendrawan/ip-andrehendrawan/REST_api/models/user.js","statementMap":{"0":{"start":{"line":4,"column":4},"end":{"line":4,"column":24}},"1":{"start":{"line":5,"column":25},"end":{"line":5,"column":53}},"2":{"start":{"line":6,"column":0},"end":{"line":82,"column":2}},"3":{"start":{"line":15,"column":6},"end":{"line":15,"column":32}},"4":{"start":{"line":18,"column":2},"end":{"line":77,"column":5}},"5":{"start":{"line":78,"column":2},"end":{"line":80,"column":4}},"6":{"start":{"line":79,"column":4},"end":{"line":79,"column":47}},"7":{"start":{"line":81,"column":2},"end":{"line":81,"column":14}}},"fnMap":{"0":{"name":"(anonymous_0)","decl":{"start":{"line":6,"column":17},"end":{"line":6,"column":18}},"loc":{"start":{"line":6,"column":43},"end":{"line":82,"column":1}},"line":6},"1":{"name":"(anonymous_1)","decl":{"start":{"line":13,"column":4},"end":{"line":13,"column":5}},"loc":{"start":{"line":13,"column":29},"end":{"line":16,"column":5}},"line":13},"2":{"name":"(anonymous_2)","decl":{"start":{"line":78,"column":20},"end":{"line":78,"column":21}},"loc":{"start":{"line":78,"column":30},"end":{"line":80,"column":3}},"line":78}},"branchMap":{},"s":{"0":1,"1":1,"2":1,"3":1,"4":1,"5":1,"6":2,"7":1},"f":{"0":1,"1":1,"2":2},"b":{},"_coverageSchema":"1a1c01bbd47fc00a2c39e90264f33305004495a9","hash":"82014a0c49fc6ee4266401a8276a1102a17860ba"}
,"/Users/user/Hactiv8Phase2/iProject-Andrehendrawan/ip-andrehendrawan/REST_api/models/venue.js": {"path":"/Users/user/Hactiv8Phase2/iProject-Andrehendrawan/ip-andrehendrawan/REST_api/models/venue.js","statementMap":{"0":{"start":{"line":4,"column":4},"end":{"line":4,"column":24}},"1":{"start":{"line":5,"column":0},"end":{"line":111,"column":2}},"2":{"start":{"line":14,"column":6},"end":{"line":14,"column":38}},"3":{"start":{"line":15,"column":6},"end":{"line":15,"column":33}},"4":{"start":{"line":18,"column":2},"end":{"line":109,"column":5}},"5":{"start":{"line":110,"column":2},"end":{"line":110,"column":15}}},"fnMap":{"0":{"name":"(anonymous_0)","decl":{"start":{"line":5,"column":17},"end":{"line":5,"column":18}},"loc":{"start":{"line":5,"column":43},"end":{"line":111,"column":1}},"line":5},"1":{"name":"(anonymous_1)","decl":{"start":{"line":12,"column":4},"end":{"line":12,"column":5}},"loc":{"start":{"line":12,"column":29},"end":{"line":16,"column":5}},"line":12}},"branchMap":{},"s":{"0":1,"1":1,"2":1,"3":1,"4":1,"5":1},"f":{"0":1,"1":1},"b":{},"_coverageSchema":"1a1c01bbd47fc00a2c39e90264f33305004495a9","hash":"9196de08a5accf7fd89e066a6f73cf314404e4ba"}
,"/Users/user/Hactiv8Phase2/iProject-Andrehendrawan/ip-andrehendrawan/REST_api/routes/index.js": {"path":"/Users/user/Hactiv8Phase2/iProject-Andrehendrawan/ip-andrehendrawan/REST_api/routes/index.js","statementMap":{"0":{"start":{"line":1,"column":16},"end":{"line":1,"column":34}},"1":{"start":{"line":2,"column":23},"end":{"line":2,"column":63}},"2":{"start":{"line":3,"column":21},"end":{"line":3,"column":59}},"3":{"start":{"line":4,"column":23},"end":{"line":4,"column":63}},"4":{"start":{"line":5,"column":24},"end":{"line":5,"column":65}},"5":{"start":{"line":6,"column":23},"end":{"line":6,"column":63}},"6":{"start":{"line":7,"column":24},"end":{"line":7,"column":65}},"7":{"start":{"line":8,"column":27},"end":{"line":8,"column":71}},"8":{"start":{"line":9,"column":15},"end":{"line":9,"column":31}},"9":{"start":{"line":11,"column":0},"end":{"line":13,"column":2}},"10":{"start":{"line":12,"column":4},"end":{"line":12,"column":53}},"11":{"start":{"line":14,"column":0},"end":{"line":14,"column":43}},"12":{"start":{"line":15,"column":0},"end":{"line":15,"column":56}},"13":{"start":{"line":16,"column":0},"end":{"line":16,"column":49}},"14":{"start":{"line":17,"column":0},"end":{"line":17,"column":93}},"15":{"start":{"line":20,"column":0},"end":{"line":20,"column":26}},"16":{"start":{"line":22,"column":0},"end":{"line":22,"column":48}},"17":{"start":{"line":23,"column":0},"end":{"line":23,"column":51}},"18":{"start":{"line":24,"column":0},"end":{"line":24,"column":52}},"19":{"start":{"line":25,"column":0},"end":{"line":25,"column":57}},"20":{"start":{"line":26,"column":0},"end":{"line":26,"column":61}},"21":{"start":{"line":28,"column":0},"end":{"line":28,"column":84}},"22":{"start":{"line":30,"column":0},"end":{"line":30,"column":62}},"23":{"start":{"line":32,"column":0},"end":{"line":32,"column":58}},"24":{"start":{"line":33,"column":0},"end":{"line":33,"column":61}},"25":{"start":{"line":34,"column":0},"end":{"line":34,"column":40}},"26":{"start":{"line":36,"column":0},"end":{"line":36,"column":24}},"27":{"start":{"line":38,"column":0},"end":{"line":38,"column":23}}},"fnMap":{"0":{"name":"(anonymous_0)","decl":{"start":{"line":11,"column":16},"end":{"line":11,"column":17}},"loc":{"start":{"line":11,"column":30},"end":{"line":13,"column":1}},"line":11}},"branchMap":{},"s":{"0":1,"1":1,"2":1,"3":1,"4":1,"5":1,"6":1,"7":1,"8":1,"9":1,"10":1,"11":1,"12":1,"13":1,"14":1,"15":1,"16":1,"17":1,"18":1,"19":1,"20":1,"21":1,"22":1,"23":1,"24":1,"25":1,"26":1,"27":1},"f":{"0":1},"b":{},"_coverageSchema":"1a1c01bbd47fc00a2c39e90264f33305004495a9","hash":"3a1a89096a9f2b3db15878f542169b73be26f31d"}
}
